<?xml version="1.0" encoding="UTF-8"?>
<testng-results ignored="0" total="0" passed="0" failed="0" skipped="0">
  <reporter-output>
  </reporter-output>
  <suite started-at="2021-07-18T17:34:01Z" name="testDataBuild.TestData" finished-at="2021-07-18T17:34:01Z" duration-ms="1">
    <groups>
    </groups>
    <test started-at="2021-07-18T17:34:01Z" name="Command line test" finished-at="2021-07-18T17:34:01Z" duration-ms="1">
    </test> <!-- Command line test -->
  </suite> <!-- testDataBuild.TestData -->
</testng-results>
